0 info it worked if it ends with ok
1 verbose cli [ '/usr/local/Cellar/node/6.2.2/bin/node',
1 verbose cli   '/usr/local/bin/npm',
1 verbose cli   'start' ]
2 info using npm@3.9.5
3 info using node@v6.2.2
4 verbose run-script [ 'prestart', 'start', 'poststart' ]
5 info lifecycle lcf-frontend@~prestart: lcf-frontend@
6 silly lifecycle lcf-frontend@~prestart: no script for prestart, continuing
7 info lifecycle lcf-frontend@~start: lcf-frontend@
8 verbose lifecycle lcf-frontend@~start: unsafe-perm in lifecycle true
9 verbose lifecycle lcf-frontend@~start: PATH: /usr/local/lib/node_modules/npm/bin/node-gyp-bin:/Users/julienschmidt/Development/lcf-frontend/node_modules/.bin:/usr/local/Cellar/node/6.2.2/bin:/usr/local/bin:/usr/bin:/usr/local/sbin:/usr/sbin:/bin:/sbin:/usr/local/go/bin:/Users/julienschmidt/Development/go/bin:/Users/julienschmidt/Development/android-sdk-macosx/tools:/Users/julienschmidt/Development/android-sdk-macosx/platform-tools:/Library/TeX/Distributions/.DefaultTeX/Contents/Programs/texbin:/Users/julienschmidt/.cargo/bin
10 verbose lifecycle lcf-frontend@~start: CWD: /Users/julienschmidt/Development/lcf-frontend
11 silly lifecycle lcf-frontend@~start: Args: [ '-c', 'grunt serve' ]
12 silly lifecycle lcf-frontend@~start: Returned: code: 3  signal: null
13 info lifecycle lcf-frontend@~start: Failed to exec start script
14 verbose stack Error: lcf-frontend@ start: `grunt serve`
14 verbose stack Exit status 3
14 verbose stack     at EventEmitter.<anonymous> (/usr/local/lib/node_modules/npm/lib/utils/lifecycle.js:245:16)
14 verbose stack     at emitTwo (events.js:106:13)
14 verbose stack     at EventEmitter.emit (events.js:191:7)
14 verbose stack     at ChildProcess.<anonymous> (/usr/local/lib/node_modules/npm/lib/utils/spawn.js:24:14)
14 verbose stack     at emitTwo (events.js:106:13)
14 verbose stack     at ChildProcess.emit (events.js:191:7)
14 verbose stack     at maybeClose (internal/child_process.js:852:16)
14 verbose stack     at Process.ChildProcess._handle.onexit (internal/child_process.js:215:5)
15 verbose pkgid lcf-frontend@
16 verbose cwd /Users/julienschmidt/Development/lcf-frontend
17 error Darwin 15.6.0
18 error argv "/usr/local/Cellar/node/6.2.2/bin/node" "/usr/local/bin/npm" "start"
19 error node v6.2.2
20 error npm  v3.9.5
21 error code ELIFECYCLE
22 error lcf-frontend@ start: `grunt serve`
22 error Exit status 3
23 error Failed at the lcf-frontend@ start script 'grunt serve'.
23 error Make sure you have the latest version of node.js and npm installed.
23 error If you do, this is most likely a problem with the lcf-frontend package,
23 error not with npm itself.
23 error Tell the author that this fails on your system:
23 error     grunt serve
23 error You can get information on how to open an issue for this project with:
23 error     npm bugs lcf-frontend
23 error Or if that isn't available, you can get their info via:
23 error     npm owner ls lcf-frontend
23 error There is likely additional logging output above.
24 verbose exit [ 1, true ]
